# JRE version: OpenJDK Runtime Environment Temurin-17.0.13+11 (17.0.13+11) (build 17.0.13+11)
# Java VM: OpenJDK 64-Bit Server VM Temurin-17.0.13+11 (17.0.13+11, mixed mode, tiered, compressed oops, compressed class ptrs, parallel gc, windows-amd64)
GC Precious Log:
 CPUs: 4 total, 4 available
 Memory: 7519M
 Large Page Support: Disabled
 NUMA Support: Disabled
 Compressed Oops: Enabled (32-bit)
 Alignments: Space 512K, Generation 512K, Heap 2M
 Heap Min Capacity: 100M
 Heap Initial Capacity: 100M
 Heap Max Capacity: 1G
 Pre-touch: Disabled
 Parallel Workers: 4
Heap:
 PSYoungGen      total 67072K, used 58237K [0x00000000eab00000, 0x00000000f1900000, 0x0000000100000000)
  eden space 23552K, 63% used [0x00000000eab00000,0x00000000eb9a79f0,0x00000000ec200000)
  from space 43520K, 99% used [0x00000000ec200000,0x00000000eec37ae8,0x00000000eec80000)
  to   space 44032K, 0% used [0x00000000eee00000,0x00000000eee00000,0x00000000f1900000)
 ParOldGen       total 680960K, used 593099K [0x00000000c0000000, 0x00000000e9900000, 0x00000000eab00000)
  object space 680960K, 87% used [0x00000000c0000000,0x00000000e4332e40,0x00000000e9900000)
 Metaspace       used 84117K, committed 85504K, reserved 1179648K
  class space    used 9266K, committed 9920K, reserved 1048576K
GC Heap History (20 events):
Event: 150.698 GC heap before
{Heap before GC invocations=1277 (full 466):
 PSYoungGen      total 55808K, used 55360K [0x00000000eab00000, 0x00000000eeb80000, 0x0000000100000000)
  eden space 47104K, 100% used [0x00000000eab00000,0x00000000ed900000,0x00000000ed900000)
  from space 8704K, 94% used [0x00000000ed900000,0x00000000ee1101d8,0x00000000ee180000)
  to   space 9216K, 0% used [0x00000000ee280000,0x00000000ee280000,0x00000000eeb80000)
 ParOldGen       total 680960K, used 559712K [0x00000000c0000000, 0x00000000e9900000, 0x00000000eab00000)
  object space 680960K, 82% used [0x00000000c0000000,0x00000000e22981d0,0x00000000e9900000)
 Metaspace       used 83343K, committed 84672K, reserved 1179648K
  class space    used 9215K, committed 9856K, reserved 1048576K
}
Event: 150.706 GC heap after
{Heap after GC invocations=1277 (full 466):
 PSYoungGen      total 52224K, used 9197K [0x00000000eab00000, 0x00000000ef500000, 0x0000000100000000)
  eden space 43008K, 0% used [0x00000000eab00000,0x00000000eab00000,0x00000000ed500000)
  from space 9216K, 99% used [0x00000000ee280000,0x00000000eeb7b4d8,0x00000000eeb80000)
  to   space 13824K, 0% used [0x00000000ed500000,0x00000000ed500000,0x00000000ee280000)
 ParOldGen       total 680960K, used 563208K [0x00000000c0000000, 0x00000000e9900000, 0x00000000eab00000)
  object space 680960K, 82% used [0x00000000c0000000,0x00000000e26021d0,0x00000000e9900000)
 Metaspace       used 83343K, committed 84672K, reserved 1179648K
  class space    used 9215K, committed 9856K, reserved 1048576K
}
Event: 150.820 GC heap before
{Heap before GC invocations=1278 (full 466):
 PSYoungGen      total 52224K, used 52205K [0x00000000eab00000, 0x00000000ef500000, 0x0000000100000000)
  eden space 43008K, 100% used [0x00000000eab00000,0x00000000ed500000,0x00000000ed500000)
  from space 9216K, 99% used [0x00000000ee280000,0x00000000eeb7b4d8,0x00000000eeb80000)
  to   space 13824K, 0% used [0x00000000ed500000,0x00000000ed500000,0x00000000ee280000)
 ParOldGen       total 680960K, used 563208K [0x00000000c0000000, 0x00000000e9900000, 0x00000000eab00000)
  object space 680960K, 82% used [0x00000000c0000000,0x00000000e26021d0,0x00000000e9900000)
 Metaspace       used 83343K, committed 84672K, reserved 1179648K
  class space    used 9215K, committed 9856K, reserved 1048576K
}
Event: 150.831 GC heap after
{Heap after GC invocations=1278 (full 466):
 PSYoungGen      total 56832K, used 12712K [0x00000000eab00000, 0x00000000ef000000, 0x0000000100000000)
  eden space 43008K, 0% used [0x00000000eab00000,0x00000000eab00000,0x00000000ed500000)
  from space 13824K, 91% used [0x00000000ed500000,0x00000000ee16a0e0,0x00000000ee280000)
  to   space 13312K, 0% used [0x00000000ee300000,0x00000000ee300000,0x00000000ef000000)
 ParOldGen       total 680960K, used 563606K [0x00000000c0000000, 0x00000000e9900000, 0x00000000eab00000)
  object space 680960K, 82% used [0x00000000c0000000,0x00000000e26658d0,0x00000000e9900000)
 Metaspace       used 83343K, committed 84672K, reserved 1179648K
  class space    used 9215K, committed 9856K, reserved 1048576K
}
Event: 151.257 GC heap before
{Heap before GC invocations=1279 (full 466):
 PSYoungGen      total 56832K, used 55720K [0x00000000eab00000, 0x00000000ef000000, 0x0000000100000000)
  eden space 43008K, 100% used [0x00000000eab00000,0x00000000ed500000,0x00000000ed500000)
  from space 13824K, 91% used [0x00000000ed500000,0x00000000ee16a0e0,0x00000000ee280000)
  to   space 13312K, 0% used [0x00000000ee300000,0x00000000ee300000,0x00000000ef000000)
 ParOldGen       total 680960K, used 563606K [0x00000000c0000000, 0x00000000e9900000, 0x00000000eab00000)
  object space 680960K, 82% used [0x00000000c0000000,0x00000000e26658d0,0x00000000e9900000)
 Metaspace       used 83757K, committed 85120K, reserved 1179648K
  class space    used 9240K, committed 9856K, reserved 1048576K
}
Event: 151.263 GC heap after
{Heap after GC invocations=1279 (full 466):
 PSYoungGen      total 50688K, used 6229K [0x00000000eab00000, 0x00000000ee980000, 0x0000000100000000)
  eden space 44032K, 0% used [0x00000000eab00000,0x00000000eab00000,0x00000000ed600000)
  from space 6656K, 93% used [0x00000000ee300000,0x00000000ee9154f8,0x00000000ee980000)
  to   space 8704K, 0% used [0x00000000ed880000,0x00000000ed880000,0x00000000ee100000)
 ParOldGen       total 680960K, used 563614K [0x00000000c0000000, 0x00000000e9900000, 0x00000000eab00000)
  object space 680960K, 82% used [0x00000000c0000000,0x00000000e26678d0,0x00000000e9900000)
 Metaspace       used 83757K, committed 85120K, reserved 1179648K
  class space    used 9240K, committed 9856K, reserved 1048576K
}
Event: 151.466 GC heap before
{Heap before GC invocations=1280 (full 466):
 PSYoungGen      total 50688K, used 50261K [0x00000000eab00000, 0x00000000ee980000, 0x0000000100000000)
  eden space 44032K, 100% used [0x00000000eab00000,0x00000000ed600000,0x00000000ed600000)
  from space 6656K, 93% used [0x00000000ee300000,0x00000000ee9154f8,0x00000000ee980000)
  to   space 8704K, 0% used [0x00000000ed880000,0x00000000ed880000,0x00000000ee100000)
 ParOldGen       total 680960K, used 563614K [0x00000000c0000000, 0x00000000e9900000, 0x00000000eab00000)
  object space 680960K, 82% used [0x00000000c0000000,0x00000000e26678d0,0x00000000e9900000)
 Metaspace       used 83878K, committed 85184K, reserved 1179648K
  class space    used 9243K, committed 9856K, reserved 1048576K
}
Event: 151.477 GC heap after
{Heap after GC invocations=1280 (full 466):
 PSYoungGen      total 53760K, used 8701K [0x00000000eab00000, 0x00000000f0400000, 0x0000000100000000)
  eden space 45056K, 0% used [0x00000000eab00000,0x00000000eab00000,0x00000000ed700000)
  from space 8704K, 99% used [0x00000000ed880000,0x00000000ee0ff700,0x00000000ee100000)
  to   space 23040K, 0% used [0x00000000eed80000,0x00000000eed80000,0x00000000f0400000)
 ParOldGen       total 680960K, used 575087K [0x00000000c0000000, 0x00000000e9900000, 0x00000000eab00000)
  object space 680960K, 84% used [0x00000000c0000000,0x00000000e319bd98,0x00000000e9900000)
 Metaspace       used 83878K, committed 85184K, reserved 1179648K
  class space    used 9243K, committed 9856K, reserved 1048576K
}
Event: 151.600 GC heap before
{Heap before GC invocations=1281 (full 466):
 PSYoungGen      total 53760K, used 53684K [0x00000000eab00000, 0x00000000f0400000, 0x0000000100000000)
  eden space 45056K, 99% used [0x00000000eab00000,0x00000000ed6ed9f0,0x00000000ed700000)
  from space 8704K, 99% used [0x00000000ed880000,0x00000000ee0ff700,0x00000000ee100000)
  to   space 23040K, 0% used [0x00000000eed80000,0x00000000eed80000,0x00000000f0400000)
 ParOldGen       total 680960K, used 575087K [0x00000000c0000000, 0x00000000e9900000, 0x00000000eab00000)
  object space 680960K, 84% used [0x00000000c0000000,0x00000000e319bd98,0x00000000e9900000)
 Metaspace       used 83880K, committed 85184K, reserved 1179648K
  class space    used 9243K, committed 9856K, reserved 1048576K
}
Event: 151.617 GC heap after
{Heap after GC invocations=1281 (full 466):
 PSYoungGen      total 61440K, used 23032K [0x00000000eab00000, 0x00000000f1200000, 0x0000000100000000)
  eden space 38400K, 0% used [0x00000000eab00000,0x00000000eab00000,0x00000000ed080000)
  from space 23040K, 99% used [0x00000000eed80000,0x00000000f03fe000,0x00000000f0400000)
  to   space 29696K, 0% used [0x00000000ed080000,0x00000000ed080000,0x00000000eed80000)
 ParOldGen       total 680960K, used 579416K [0x00000000c0000000, 0x00000000e9900000, 0x00000000eab00000)
  object space 680960K, 85% used [0x00000000c0000000,0x00000000e35d60a0,0x00000000e9900000)
 Metaspace       used 83880K, committed 85184K, reserved 1179648K
  class space    used 9243K, committed 9856K, reserved 1048576K
}
Event: 151.844 GC heap before
{Heap before GC invocations=1282 (full 466):
 PSYoungGen      total 61440K, used 61432K [0x00000000eab00000, 0x00000000f1200000, 0x0000000100000000)
  eden space 38400K, 100% used [0x00000000eab00000,0x00000000ed080000,0x00000000ed080000)
  from space 23040K, 99% used [0x00000000eed80000,0x00000000f03fe000,0x00000000f0400000)
  to   space 29696K, 0% used [0x00000000ed080000,0x00000000ed080000,0x00000000eed80000)
 ParOldGen       total 680960K, used 579416K [0x00000000c0000000, 0x00000000e9900000, 0x00000000eab00000)
  object space 680960K, 85% used [0x00000000c0000000,0x00000000e35d60a0,0x00000000e9900000)
 Metaspace       used 83880K, committed 85184K, reserved 1179648K
  class space    used 9243K, committed 9856K, reserved 1048576K
}
Event: 151.858 GC heap after
{Heap after GC invocations=1282 (full 466):
 PSYoungGen      total 68096K, used 29184K [0x00000000eab00000, 0x00000000f0c80000, 0x0000000100000000)
  eden space 38400K, 0% used [0x00000000eab00000,0x00000000eab00000,0x00000000ed080000)
  from space 29696K, 98% used [0x00000000ed080000,0x00000000eed00348,0x00000000eed80000)
  to   space 30208K, 0% used [0x00000000eef00000,0x00000000eef00000,0x00000000f0c80000)
 ParOldGen       total 680960K, used 579608K [0x00000000c0000000, 0x00000000e9900000, 0x00000000eab00000)
  object space 680960K, 85% used [0x00000000c0000000,0x00000000e36060a0,0x00000000e9900000)
 Metaspace       used 83880K, committed 85184K, reserved 1179648K
  class space    used 9243K, committed 9856K, reserved 1048576K
}
Event: 152.586 GC heap before
{Heap before GC invocations=1283 (full 466):
 PSYoungGen      total 68096K, used 67584K [0x00000000eab00000, 0x00000000f0c80000, 0x0000000100000000)
  eden space 38400K, 100% used [0x00000000eab00000,0x00000000ed080000,0x00000000ed080000)
  from space 29696K, 98% used [0x00000000ed080000,0x00000000eed00348,0x00000000eed80000)
  to   space 30208K, 0% used [0x00000000eef00000,0x00000000eef00000,0x00000000f0c80000)
 ParOldGen       total 680960K, used 579608K [0x00000000c0000000, 0x00000000e9900000, 0x00000000eab00000)
  object space 680960K, 85% used [0x00000000c0000000,0x00000000e36060a0,0x00000000e9900000)
 Metaspace       used 83881K, committed 85184K, reserved 1179648K
  class space    used 9243K, committed 9856K, reserved 1048576K
}
Event: 152.606 GC heap after
{Heap after GC invocations=1283 (full 466):
 PSYoungGen      total 57856K, used 30193K [0x00000000eab00000, 0x00000000f2380000, 0x0000000100000000)
  eden space 27648K, 0% used [0x00000000eab00000,0x00000000eab00000,0x00000000ec600000)
  from space 30208K, 99% used [0x00000000eef00000,0x00000000f0c7c6c0,0x00000000f0c80000)
  to   space 41984K, 0% used [0x00000000ec600000,0x00000000ec600000,0x00000000eef00000)
 ParOldGen       total 680960K, used 589163K [0x00000000c0000000, 0x00000000e9900000, 0x00000000eab00000)
  object space 680960K, 86% used [0x00000000c0000000,0x00000000e3f5af90,0x00000000e9900000)
 Metaspace       used 83881K, committed 85184K, reserved 1179648K
  class space    used 9243K, committed 9856K, reserved 1048576K
}
Event: 152.676 GC heap before
{Heap before GC invocations=1284 (full 466):
 PSYoungGen      total 57856K, used 57629K [0x00000000eab00000, 0x00000000f2380000, 0x0000000100000000)
  eden space 27648K, 99% used [0x00000000eab00000,0x00000000ec5cb0c0,0x00000000ec600000)
  from space 30208K, 99% used [0x00000000eef00000,0x00000000f0c7c6c0,0x00000000f0c80000)
  to   space 41984K, 0% used [0x00000000ec600000,0x00000000ec600000,0x00000000eef00000)
 ParOldGen       total 680960K, used 589163K [0x00000000c0000000, 0x00000000e9900000, 0x00000000eab00000)
  object space 680960K, 86% used [0x00000000c0000000,0x00000000e3f5af90,0x00000000e9900000)
 Metaspace       used 83881K, committed 85184K, reserved 1179648K
  class space    used 9243K, committed 9856K, reserved 1048576K
}
Event: 152.692 GC heap after
{Heap after GC invocations=1284 (full 466):
 PSYoungGen      total 67584K, used 39748K [0x00000000eab00000, 0x00000000f1600000, 0x0000000100000000)
  eden space 27648K, 0% used [0x00000000eab00000,0x00000000eab00000,0x00000000ec600000)
  from space 39936K, 99% used [0x00000000ec600000,0x00000000eecd10a0,0x00000000eed00000)
  to   space 40448K, 0% used [0x00000000eee80000,0x00000000eee80000,0x00000000f1600000)
 ParOldGen       total 680960K, used 589227K [0x00000000c0000000, 0x00000000e9900000, 0x00000000eab00000)
  object space 680960K, 86% used [0x00000000c0000000,0x00000000e3f6af90,0x00000000e9900000)
 Metaspace       used 83881K, committed 85184K, reserved 1179648K
  class space    used 9243K, committed 9856K, reserved 1048576K
}
Event: 152.879 GC heap before
{Heap before GC invocations=1285 (full 466):
 PSYoungGen      total 67584K, used 67396K [0x00000000eab00000, 0x00000000f1600000, 0x0000000100000000)
  eden space 27648K, 100% used [0x00000000eab00000,0x00000000ec600000,0x00000000ec600000)
  from space 39936K, 99% used [0x00000000ec600000,0x00000000eecd10a0,0x00000000eed00000)
  to   space 40448K, 0% used [0x00000000eee80000,0x00000000eee80000,0x00000000f1600000)
 ParOldGen       total 680960K, used 589227K [0x00000000c0000000, 0x00000000e9900000, 0x00000000eab00000)
  object space 680960K, 86% used [0x00000000c0000000,0x00000000e3f6af90,0x00000000e9900000)
 Metaspace       used 83882K, committed 85248K, reserved 1179648K
  class space    used 9243K, committed 9856K, reserved 1048576K
}
Event: 152.898 GC heap after
{Heap after GC invocations=1285 (full 466):
 PSYoungGen      total 64000K, used 40432K [0x00000000eab00000, 0x00000000f2000000, 0x0000000100000000)
  eden space 23552K, 0% used [0x00000000eab00000,0x00000000eab00000,0x00000000ec200000)
  from space 40448K, 99% used [0x00000000eee80000,0x00000000f15fc218,0x00000000f1600000)
  to   space 45568K, 0% used [0x00000000ec200000,0x00000000ec200000,0x00000000eee80000)
 ParOldGen       total 680960K, used 593067K [0x00000000c0000000, 0x00000000e9900000, 0x00000000eab00000)
  object space 680960K, 87% used [0x00000000c0000000,0x00000000e432ae40,0x00000000e9900000)
 Metaspace       used 83882K, committed 85248K, reserved 1179648K
  class space    used 9243K, committed 9856K, reserved 1048576K
}
Event: 152.971 GC heap before
{Heap before GC invocations=1286 (full 466):
 PSYoungGen      total 64000K, used 63984K [0x00000000eab00000, 0x00000000f2000000, 0x0000000100000000)
  eden space 23552K, 100% used [0x00000000eab00000,0x00000000ec200000,0x00000000ec200000)
  from space 40448K, 99% used [0x00000000eee80000,0x00000000f15fc218,0x00000000f1600000)
  to   space 45568K, 0% used [0x00000000ec200000,0x00000000ec200000,0x00000000eee80000)
 ParOldGen       total 680960K, used 593067K [0x00000000c0000000, 0x00000000e9900000, 0x00000000eab00000)
  object space 680960K, 87% used [0x00000000c0000000,0x00000000e432ae40,0x00000000e9900000)
 Metaspace       used 83904K, committed 85248K, reserved 1179648K
  class space    used 9244K, committed 9856K, reserved 1048576K
}
Event: 152.989 GC heap after
{Heap after GC invocations=1286 (full 466):
 PSYoungGen      total 67072K, used 43230K [0x00000000eab00000, 0x00000000f1900000, 0x0000000100000000)
  eden space 23552K, 0% used [0x00000000eab00000,0x00000000eab00000,0x00000000ec200000)
  from space 43520K, 99% used [0x00000000ec200000,0x00000000eec37ae8,0x00000000eec80000)
  to   space 44032K, 0% used [0x00000000eee00000,0x00000000eee00000,0x00000000f1900000)
 ParOldGen       total 680960K, used 593099K [0x00000000c0000000, 0x00000000e9900000, 0x00000000eab00000)
  object space 680960K, 87% used [0x00000000c0000000,0x00000000e4332e40,0x00000000e9900000)
 Metaspace       used 83904K, committed 85248K, reserved 1179648K
  class space    used 9244K, committed 9856K, reserved 1048576K
}

